<?xml version="1.0" encoding="UTF-8"?>
<!-- Generated by org.testng.reporters.JUnitReportReporter -->
<testsuite skipped="0" hostname="CUA44495VQA067" name="io.learning.testcaseexecution.Login" tests="1" failures="0" timestamp="28 Nov 2019 10:06:08 GMT" time="42.443" errors="0">
  <testcase name="ChromeLogin" time="42.443" classname="io.learning.testcaseexecution.Login"/>
</testsuite> <!-- io.learning.testcaseexecution.Login -->
