<?xml version="1.0" encoding="UTF-8"?>
<!-- Generated by org.testng.reporters.JUnitReportReporter -->
<testsuite skipped="0" hostname="CUA44495VQA067" name="io.learning.testcases.Login" tests="1" failures="0" timestamp="28 Nov 2019 10:03:40 GMT" time="10.487" errors="0">
  <testcase name="IELogin" time="10.487" classname="io.learning.testcases.Login"/>
</testsuite> <!-- io.learning.testcases.Login -->
